<?xml version="1.0" encoding="UTF-8"?>
<!-- Generated by org.testng.reporters.JUnitReportReporter -->
<testsuite hostname="DESKTOP-HODJ751" failures="0" tests="1" name="test.GetAndPost" time="1.863" errors="0" timestamp="2022-08-04T09:24:43 IST" skipped="0">
  <testcase classname="test.GetAndPost" name="getTest" time="1.863"/>
  <system-out/>
</testsuite> <!-- test.GetAndPost -->
