<?xml version="1.0" encoding="UTF-8"?>
<!-- Generated by org.testng.reporters.JUnitReportReporter -->
<testsuite hostname="DESKTOP-HODJ751" failures="0" tests="2" name="test.Examples" time="1.892" errors="0" timestamp="2022-08-03T19:17:52 IST" skipped="0">
  <testcase classname="test.Examples" name="test_2" time="0.684"/>
  <system-out/>
  <testcase classname="test.Examples" name="test_1" time="1.208"/>
  <system-out/>
</testsuite> <!-- test.Examples -->
